<?xml version="1.0" encoding="utf-8"?><testsuites name="pytest tests"><testsuite name="pytest" errors="0" failures="0" skipped="0" tests="6" time="2.040" timestamp="2026-04-22T12:41:30.680028+00:00" hostname="agent-env-2f4865cf-c2ed-40ab-95f3-91601e85e0a4"><testcase classname="backend.tests.test_arthub_api" name="test_root" time="0.271" /><testcase classname="backend.tests.test_arthub_api" name="test_auth_me_valid" time="0.169" /><testcase classname="backend.tests.test_arthub_api" name="test_auth_me_no_token" time="0.149" /><testcase classname="backend.tests.test_arthub_api" name="test_auth_me_invalid_token" time="0.200" /><testcase classname="backend.tests.test_arthub_api" name="test_session_exchange_fake" time="0.384" /><testcase classname="backend.tests.test_arthub_api" name="test_logout_deletes_session" time="0.493" /></testsuite></testsuites>